PuTTY-User-Key-File-2: ssh-rsa
Encryption: aes256-cbc
Comment: imported-openssh-key
Public-Lines: 6
AAAAB3NzaC1yc2EAAAADAQABAAABAQCiKm89dvo9qsHhqDnOYz2OKiDsUkkSEVES
iv6jeyMgNNZYjeKHjAx3eLDi4WaOsWUu5/CXdshheeIgQPznknh3dhZYIi3o4Rj/
u0nLi2ODEg5QwS2Vn3xVrShtW4ExuTdJDaJp5fxNUubgCiKQd+xzx5b4YnmUVl5e
a5ggLCoSwrsBdowFxgDAa/Vk06QOW2VGBrm1FoZ9KXySKK1MrUXw2sxXP94ZfvdA
k8F30zoCUh4NNSo85Baay1EqLVryCOpeVvRsf5A98xls/MNdramVuVGT/KOGHg61
xQZNKs+wukFBsE4PQ4Uz7H/uL2vfrgbgG8lLKYf3imvdo+Rb1aDn
Private-Lines: 14
1aUrdv35o006f9prZb5yqGPAXV7hrAeb+IsNePP+ygLYUpqx1QuDEYvdjt5q9SLF
Ib1ElYDQL4XA0Ei5X591lRq0UewoDbSkkn8tk/qADvfpHYG7Z5Trcefao5/uBzFZ
zhOdrbVU1NhViVR5G5mdmpjiTBOgxIuVZzDIR7Z3nYA5Sdue/Nq/b2eyTO81fUWu
igetPqpS+ubl1cx4q7hmEvQ/LE4zAX1+/UVftLJHVfXo5EQleDIskXZbHlKVOTAQ
KOjIPG7YDQa14Wm4MgC9QYcYB8oNAryiO9j73MZQwZ5FO5NV2Jx54WyM+pZe8Pwg
9+0qlTLEAnyunpnYnz+n3GvW28/kLc2qj34sc9B4IcUqacGw6VbtZajCOfRS2URj
ETMjuMUhTYSzpgmOIit4/cCsXuTKcpKAxK0VgAV2NrYmjukQoVNMH371SkLyjVeE
/+g3cSM89+xKp6ClP/fk0AjFkIvYDDt/vnftKYTh2kyHpqOZuREpLOGQvu1bUgoE
FhsqyKTZbIGm6ew7MeXU0Mkzcuz0B2PNetRQyQ0aPS763JripSdH5KDC0WbAMOeP
c0zYaLXlGcOD1Ot4xZGbyHZee7J2mHvlhjk8qrnR2piaMpKoQzP1pPiG+TiHm8L0
Toejtp6NeA/7rIys7MC8MWBU52X1QiQje0m72a/IOmAaYMLhPWzZMcePyMJQPELQ
ILK10OLlC7T+sw59Rq6FAw+JTgmbjKDx9JDxV89e7r5lCKkub1ocUizyi3sUxWVq
FiiJ2FuiBYFW2Gh0DfBnzG8ilqYWQDnR/iNu3cvC/oNfnF+HAvH28Er5kDBZvkzW
36YJRfqcZkkNP0LlXC/P6/zbrSoyVEBaVOdBUNHeXOLCwRUYR44L1WAFH0yZxA9f
Private-MAC: 6313df4ad4d644a8eeb0265768ac3f892a4a2841
